#
# There is insufficient memory for the Java Runtime Environment to continue.
# Native memory allocation (malloc) failed to allocate 1212576 bytes for Chunk::new
# Possible reasons:
#   The system is out of physical RAM or swap space
#   In 32 bit mode, the process size limit was hit
# Possible solutions:
#   Reduce memory load on the system
#   Increase physical memory or swap space
#   Check if swap backing store is full
#   Use 64 bit Java on a 64 bit OS
#   Decrease Java heap size (-Xmx/-Xms)
#   Decrease number of Java threads
#   Decrease Java thread stack sizes (-Xss)
#   Set larger code cache with -XX:ReservedCodeCacheSize=
# This output file may be truncated or incomplete.
#
#  Out of Memory Error (allocation.cpp:388), pid=12404, tid=9228
#
# JRE version: Java(TM) SE Runtime Environment (8.0-b132) (build 1.8.0-b132)
# Java VM: Java HotSpot(TM) 64-Bit Server VM (25.0-b70 mixed mode windows-amd64 compressed oops)
# Failed to write core dump. Minidumps are not enabled by default on client versions of Windows
#

---------------  T H R E A D  ---------------

Current thread (0x0000000058a87000):  JavaThread "C2 CompilerThread1" daemon [_thread_in_native, id=9228, stack(0x0000000059360000,0x0000000059460000)]

Stack: [0x0000000059360000,0x0000000059460000]
Native frames: (J=compiled Java code, j=interpreted, Vv=VM code, C=native code)
V  [jvm.dll+0x308e0a]


Current CompileTask:
C2:   4540 3631       4       com.sun.tools.javac.comp.Check::checkType (178 bytes)


---------------  P R O C E S S  ---------------

Java Threads: ( => current thread )
  0x00000000575be800 JavaThread "Service Thread" daemon [_thread_blocked, id=14636, stack(0x0000000059640000,0x0000000059740000)]
  0x0000000058a88800 JavaThread "C1 CompilerThread2" daemon [_thread_blocked, id=2536, stack(0x00000000594a0000,0x00000000595a0000)]
=>0x0000000058a87000 JavaThread "C2 CompilerThread1" daemon [_thread_in_native, id=9228, stack(0x0000000059360000,0x0000000059460000)]
  0x0000000058a81800 JavaThread "C2 CompilerThread0" daemon [_thread_in_native, id=13392, stack(0x00000000590f0000,0x00000000591f0000)]
  0x00000000575b4800 JavaThread "Attach Listener" daemon [_thread_blocked, id=15348, stack(0x0000000058550000,0x0000000058650000)]
  0x00000000575b1000 JavaThread "Signal Dispatcher" daemon [_thread_blocked, id=7888, stack(0x0000000058f70000,0x0000000059070000)]
  0x0000000057558000 JavaThread "Finalizer" daemon [_thread_blocked, id=3032, stack(0x0000000058980000,0x0000000058a80000)]
  0x000000005754b000 JavaThread "Reference Handler" daemon [_thread_blocked, id=15520, stack(0x0000000058790000,0x0000000058890000)]
  0x00000000005ae800 JavaThread "main" [_thread_in_native, id=14396, stack(0x0000000002700000,0x0000000002800000)]

Other Threads:
  0x0000000057547800 VMThread [stack: 0x0000000058690000,0x0000000058790000] [id=6544]
  0x0000000058af7800 WatcherThread [stack: 0x0000000059260000,0x0000000059360000] [id=15364]

VM state:not at safepoint (normal execution)

VM Mutex/Monitor currently owned by a thread: None

Heap:
 PSYoungGen      total 56320K, used 5644K [0x00000000d6e00000, 0x00000000db180000, 0x0000000100000000)
  eden space 52736K, 3% used [0x00000000d6e00000,0x00000000d7009690,0x00000000da180000)
  from space 3584K, 99% used [0x00000000da800000,0x00000000dab79c68,0x00000000dab80000)
  to   space 6656K, 0% used [0x00000000da180000,0x00000000da180000,0x00000000da800000)
 ParOldGen       total 125440K, used 13865K [0x0000000084a00000, 0x000000008c480000, 0x00000000d6e00000)
  object space 125440K, 11% used [0x0000000084a00000,0x000000008578a638,0x000000008c480000)
 Metaspace       used 19734K, capacity 20172K, committed 20224K, reserved 1067008K
  class space    used 2414K, capacity 2542K, committed 2560K, reserved 1048576K

Card table byte_map: [0x0000000011e90000,0x0000000012270000] byte_map_base: 0x0000000011a6b000

Marking Bits: (ParMarkBitMap*) 0x0000000070ae13b0
 Begin Bits: [0x0000000012a30000, 0x0000000014908000)
 End Bits:   [0x0000000014908000, 0x00000000167e0000)

Polling page: 0x0000000000580000

CodeCache: size=245760Kb used=12089Kb max_used=12089Kb free=233670Kb
 bounds [0x0000000002ad0000, 0x00000000036b0000, 0x0000000011ad0000]
 total_blobs=4041 nmethods=3686 adapters=268
 compilation: enabled

Compilation events (10 events):
Event: 4.515 Thread 0x0000000058a88800 3702       3       java.util.RegularEnumSet::add (40 bytes)
Event: 4.516 Thread 0x0000000058a88800 nmethod 3702 0x00000000036a40d0 code [0x00000000036a4240, 0x00000000036a4568]
Event: 4.516 Thread 0x0000000058a88800 3703       3       java.lang.Long::numberOfTrailingZeros (116 bytes)
Event: 4.516 Thread 0x0000000058a88800 nmethod 3703 0x00000000036a4650 code [0x00000000036a47c0, 0x00000000036a4ad0]
Event: 4.516 Thread 0x0000000058a88800 3704       3       com.sun.tools.javac.code.Scope::<init> (12 bytes)
Event: 4.517 Thread 0x0000000058a88800 nmethod 3704 0x00000000036a4b50 code [0x00000000036a4cc0, 0x00000000036a4ee8]
Event: 4.517 Thread 0x0000000058a88800 3705       3       com.sun.tools.javac.util.Name::subName (28 bytes)
Event: 4.517 Thread 0x0000000058a88800 nmethod 3705 0x00000000036a4f90 code [0x00000000036a5120, 0x00000000036a5508]
Event: 4.517 Thread 0x0000000058a88800 3706       3       com.sun.tools.javac.util.Options::isSet (20 bytes)
Event: 4.518 Thread 0x0000000058a88800 nmethod 3706 0x00000000036a5610 code [0x00000000036a57c0, 0x00000000036a5ca8]

GC Heap History (10 events):
Event: 1.206 GC heap before
{Heap before GC invocations=12 (full 0):
 PSYoungGen      total 14848K, used 14827K [0x00000000d6e00000, 0x00000000d8800000, 0x0000000100000000)
  eden space 13312K, 100% used [0x00000000d6e00000,0x00000000d7b00000,0x00000000d7b00000)
  from space 1536K, 98% used [0x00000000d7b00000,0x00000000d7c7af08,0x00000000d7c80000)
  to   space 2560K, 0% used [0x00000000d8580000,0x00000000d8580000,0x00000000d8800000)
 ParOldGen       total 125440K, used 3220K [0x0000000084a00000, 0x000000008c480000, 0x00000000d6e00000)
  object space 125440K, 2% used [0x0000000084a00000,0x0000000084d25290,0x000000008c480000)
 Metaspace       used 10898K, capacity 11118K, committed 11264K, reserved 1058816K
  class space    used 1420K, capacity 1511K, committed 1536K, reserved 1048576K
Event: 1.209 GC heap after
Heap after GC invocations=12 (full 0):
 PSYoungGen      total 24064K, used 2336K [0x00000000d6e00000, 0x00000000d8800000, 0x0000000100000000)
  eden space 21504K, 0% used [0x00000000d6e00000,0x00000000d6e00000,0x00000000d8300000)
  from space 2560K, 91% used [0x00000000d8580000,0x00000000d87c8178,0x00000000d8800000)
  to   space 2560K, 0% used [0x00000000d8300000,0x00000000d8300000,0x00000000d8580000)
 ParOldGen       total 125440K, used 3740K [0x0000000084a00000, 0x000000008c480000, 0x00000000d6e00000)
  object space 125440K, 2% used [0x0000000084a00000,0x0000000084da7290,0x000000008c480000)
 Metaspace       used 10898K, capacity 11118K, committed 11264K, reserved 1058816K
  class space    used 1420K, capacity 1511K, committed 1536K, reserved 1048576K
}
Event: 1.783 GC heap before
{Heap before GC invocations=13 (full 0):
 PSYoungGen      total 24064K, used 23840K [0x00000000d6e00000, 0x00000000d8800000, 0x0000000100000000)
  eden space 21504K, 100% used [0x00000000d6e00000,0x00000000d8300000,0x00000000d8300000)
  from space 2560K, 91% used [0x00000000d8580000,0x00000000d87c8178,0x00000000d8800000)
  to   space 2560K, 0% used [0x00000000d8300000,0x00000000d8300000,0x00000000d8580000)
 ParOldGen       total 125440K, used 3740K [0x0000000084a00000, 0x000000008c480000, 0x00000000d6e00000)
  object space 125440K, 2% used [0x0000000084a00000,0x0000000084da7290,0x000000008c480000)
 Metaspace       used 13139K, capacity 13362K, committed 13568K, reserved 1060864K
  class space    used 1665K, capacity 1741K, committed 1792K, reserved 1048576K
Event: 1.799 GC heap after
Heap after GC invocations=13 (full 0):
 PSYoungGen      total 24064K, used 2537K [0x00000000d6e00000, 0x00000000d9700000, 0x0000000100000000)
  eden space 21504K, 0% used [0x00000000d6e00000,0x00000000d6e00000,0x00000000d8300000)
  from space 2560K, 99% used [0x00000000d8300000,0x00000000d857a718,0x00000000d8580000)
  to   space 3584K, 0% used [0x00000000d9380000,0x00000000d9380000,0x00000000d9700000)
 ParOldGen       total 125440K, used 5243K [0x0000000084a00000, 0x000000008c480000, 0x00000000d6e00000)
  object space 125440K, 4% used [0x0000000084a00000,0x0000000084f1eda0,0x000000008c480000)
 Metaspace       used 13139K, capacity 13362K, committed 13568K, reserved 1060864K
  class space    used 1665K, capacity 1741K, committed 1792K, reserved 1048576K
}
Event: 2.508 GC heap before
{Heap before GC invocations=14 (full 0):
 PSYoungGen      total 24064K, used 24041K [0x00000000d6e00000, 0x00000000d9700000, 0x0000000100000000)
  eden space 21504K, 100% used [0x00000000d6e00000,0x00000000d8300000,0x00000000d8300000)
  from space 2560K, 99% used [0x00000000d8300000,0x00000000d857a718,0x00000000d8580000)
  to   space 3584K, 0% used [0x00000000d9380000,0x00000000d9380000,0x00000000d9700000)
 ParOldGen       total 125440K, used 5243K [0x0000000084a00000, 0x000000008c480000, 0x00000000d6e00000)
  object space 125440K, 4% used [0x0000000084a00000,0x0000000084f1eda0,0x000000008c480000)
 Metaspace       used 13878K, capacity 14210K, committed 14464K, reserved 1062912K
  class space    used 1747K, capacity 1853K, committed 1920K, reserved 1048576K
Event: 2.516 GC heap after
Heap after GC invocations=14 (full 0):
 PSYoungGen      total 38400K, used 1708K [0x00000000d6e00000, 0x00000000d9700000, 0x0000000100000000)
  eden space 34816K, 0% used [0x00000000d6e00000,0x00000000d6e00000,0x00000000d9000000)
  from space 3584K, 47% used [0x00000000d9380000,0x00000000d952b050,0x00000000d9700000)
  to   space 3584K, 0% used [0x00000000d9000000,0x00000000d9000000,0x00000000d9380000)
 ParOldGen       total 125440K, used 6955K [0x0000000084a00000, 0x000000008c480000, 0x00000000d6e00000)
  object space 125440K, 5% used [0x0000000084a00000,0x00000000850cadb0,0x000000008c480000)
 Metaspace       used 13878K, capacity 14210K, committed 14464K, reserved 1062912K
  class space    used 1747K, capacity 1853K, committed 1920K, reserved 1048576K
}
Event: 3.403 GC heap before
{Heap before GC invocations=15 (full 0):
 PSYoungGen      total 38400K, used 36524K [0x00000000d6e00000, 0x00000000d9700000, 0x0000000100000000)
  eden space 34816K, 100% used [0x00000000d6e00000,0x00000000d9000000,0x00000000d9000000)
  from space 3584K, 47% used [0x00000000d9380000,0x00000000d952b050,0x00000000d9700000)
  to   space 3584K, 0% used [0x00000000d9000000,0x00000000d9000000,0x00000000d9380000)
 ParOldGen       total 125440K, used 6955K [0x0000000084a00000, 0x000000008c480000, 0x00000000d6e00000)
  object space 125440K, 5% used [0x0000000084a00000,0x00000000850cadb0,0x000000008c480000)
 Metaspace       used 17225K, capacity 17574K, committed 17792K, reserved 1064960K
  class space    used 2196K, capacity 2317K, committed 2432K, reserved 1048576K
Event: 3.416 GC heap after
Heap after GC invocations=15 (full 0):
 PSYoungGen      total 38400K, used 2343K [0x00000000d6e00000, 0x00000000dab80000, 0x0000000100000000)
  eden space 34816K, 0% used [0x00000000d6e00000,0x00000000d6e00000,0x00000000d9000000)
  from space 3584K, 65% used [0x00000000d9000000,0x00000000d9249d18,0x00000000d9380000)
  to   space 3584K, 0% used [0x00000000da800000,0x00000000da800000,0x00000000dab80000)
 ParOldGen       total 125440K, used 7931K [0x0000000084a00000, 0x000000008c480000, 0x00000000d6e00000)
  object space 125440K, 6% used [0x0000000084a00000,0x00000000851bedb0,0x000000008c480000)
 Metaspace       used 17225K, capacity 17574K, committed 17792K, reserved 1064960K
  class space    used 2196K, capacity 2317K, committed 2432K, reserved 1048576K
}
Event: 4.454 GC heap before
{Heap before GC invocations=16 (full 0):
 PSYoungGen      total 38400K, used 37159K [0x00000000d6e00000, 0x00000000dab80000, 0x0000000100000000)
  eden space 34816K, 100% used [0x00000000d6e00000,0x00000000d9000000,0x00000000d9000000)
  from space 3584K, 65% used [0x00000000d9000000,0x00000000d9249d18,0x00000000d9380000)
  to   space 3584K, 0% used [0x00000000da800000,0x00000000da800000,0x00000000dab80000)
 ParOldGen       total 125440K, used 7931K [0x0000000084a00000, 0x000000008c480000, 0x00000000d6e00000)
  object space 125440K, 6% used [0x0000000084a00000,0x00000000851bedb0,0x000000008c480000)
 Metaspace       used 19688K, capacity 20102K, committed 20224K, reserved 1067008K
  class space    used 2411K, capacity 2541K, committed 2560K, reserved 1048576K
Event: 4.475 GC heap after
Heap after GC invocations=16 (full 0):
 PSYoungGen      total 56320K, used 3559K [0x00000000d6e00000, 0x00000000db180000, 0x0000000100000000)
  eden space 52736K, 0% used [0x00000000d6e00000,0x00000000d6e00000,0x00000000da180000)
  from space 3584K, 99% used [0x00000000da800000,0x00000000dab79c68,0x00000000dab80000)
  to   space 6656K, 0% used [0x00000000da180000,0x00000000da180000,0x00000000da800000)
 ParOldGen       total 125440K, used 13865K [0x0000000084a00000, 0x000000008c480000, 0x00000000d6e00000)
  object space 125440K, 11% used [0x0000000084a00000,0x000000008578a638,0x000000008c480000)
 Metaspace       used 19688K, capacity 20102K, committed 20224K, reserved 1067008K
  class space    used 2411K, capacity 2541K, committed 2560K, reserved 1048576K
}

Deoptimization events (10 events):
Event: 4.268 Thread 0x00000000005ae800 Uncommon trap: reason=class_check action=maybe_recompile pc=0x00000000035859f8 method=com.sun.tools.javac.code.Types$20.visitClassType(Lcom/sun/tools/javac/code/Type$ClassType;Ljava/lang/Void;)Lcom/sun/tools/javac/code/Type; @ 19
Event: 4.269 Thread 0x00000000005ae800 Uncommon trap: reason=class_check action=maybe_recompile pc=0x00000000035859f8 method=com.sun.tools.javac.code.Types$20.visitClassType(Lcom/sun/tools/javac/code/Type$ClassType;Ljava/lang/Void;)Lcom/sun/tools/javac/code/Type; @ 19
Event: 4.270 Thread 0x00000000005ae800 Uncommon trap: reason=class_check action=maybe_recompile pc=0x00000000035859f8 method=com.sun.tools.javac.code.Types$20.visitClassType(Lcom/sun/tools/javac/code/Type$ClassType;Ljava/lang/Void;)Lcom/sun/tools/javac/code/Type; @ 19
Event: 4.270 Thread 0x00000000005ae800 Uncommon trap: reason=class_check action=maybe_recompile pc=0x00000000035859f8 method=com.sun.tools.javac.code.Types$20.visitClassType(Lcom/sun/tools/javac/code/Type$ClassType;Ljava/lang/Void;)Lcom/sun/tools/javac/code/Type; @ 19
Event: 4.344 Thread 0x00000000005ae800 Uncommon trap: reason=bimorphic action=maybe_recompile pc=0x00000000035b5d7c method=com.sun.tools.javac.code.Types$20.visitClassType(Lcom/sun/tools/javac/code/Type$ClassType;Ljava/lang/Void;)Lcom/sun/tools/javac/code/Type; @ 19
Event: 4.344 Thread 0x00000000005ae800 Uncommon trap: reason=bimorphic action=maybe_recompile pc=0x000000000356aae8 method=com.sun.tools.javac.code.Type$ClassType.allparams()Lcom/sun/tools/javac/util/List; @ 9
Event: 4.487 Thread 0x00000000005ae800 Uncommon trap: reason=class_check action=maybe_recompile pc=0x00000000036244e4 method=java.util.regex.Pattern$Start.match(Ljava/util/regex/Matcher;ILjava/lang/CharSequence;)Z @ 44
Event: 4.487 Thread 0x00000000005ae800 Uncommon trap: reason=class_check action=maybe_recompile pc=0x00000000036244e4 method=java.util.regex.Pattern$Start.match(Ljava/util/regex/Matcher;ILjava/lang/CharSequence;)Z @ 44
Event: 4.487 Thread 0x00000000005ae800 Uncommon trap: reason=class_check action=maybe_recompile pc=0x00000000036244e4 method=java.util.regex.Pattern$Start.match(Ljava/util/regex/Matcher;ILjava/lang/CharSequence;)Z @ 44
Event: 4.488 Thread 0x00000000005ae800 Uncommon trap: reason=class_check action=maybe_recompile pc=0x00000000036244e4 method=java.util.regex.Pattern$Start.match(Ljava/util/regex/Matcher;ILjava/lang/CharSequence;)Z @ 44

Internal exceptions (10 events):
Event: 4.196 Thread 0x00000000005ae800 Exception <a 'java/security/PrivilegedActionException'> (0x00000000d8852bf8) thrown at [D:\re\workspace\8-2-build-windows-amd64-cygwin\jdk8\2238\hotspot\src\share\vm\prims\jvm.cpp, line 1248]
Event: 4.196 Thread 0x00000000005ae800 Exception <a 'java/security/PrivilegedActionException'> (0x00000000d8853808) thrown at [D:\re\workspace\8-2-build-windows-amd64-cygwin\jdk8\2238\hotspot\src\share\vm\prims\jvm.cpp, line 1248]
Event: 4.197 Thread 0x00000000005ae800 Exception <a 'java/security/PrivilegedActionException'> (0x00000000d8857e10) thrown at [D:\re\workspace\8-2-build-windows-amd64-cygwin\jdk8\2238\hotspot\src\share\vm\prims\jvm.cpp, line 1248]
Event: 4.197 Thread 0x00000000005ae800 Exception <a 'java/security/PrivilegedActionException'> (0x00000000d8858a10) thrown at [D:\re\workspace\8-2-build-windows-amd64-cygwin\jdk8\2238\hotspot\src\share\vm\prims\jvm.cpp, line 1248]
Event: 4.328 Thread 0x00000000005ae800 Exception <a 'java/security/PrivilegedActionException'> (0x00000000d8b00708) thrown at [D:\re\workspace\8-2-build-windows-amd64-cygwin\jdk8\2238\hotspot\src\share\vm\prims\jvm.cpp, line 1248]
Event: 4.328 Thread 0x00000000005ae800 Exception <a 'java/security/PrivilegedActionException'> (0x00000000d8b015f0) thrown at [D:\re\workspace\8-2-build-windows-amd64-cygwin\jdk8\2238\hotspot\src\share\vm\prims\jvm.cpp, line 1248]
Event: 4.476 Thread 0x00000000005ae800 Exception <a 'java/security/PrivilegedActionException'> (0x00000000d6e016e8) thrown at [D:\re\workspace\8-2-build-windows-amd64-cygwin\jdk8\2238\hotspot\src\share\vm\prims\jvm.cpp, line 1248]
Event: 4.476 Thread 0x00000000005ae800 Exception <a 'java/security/PrivilegedActionException'> (0x00000000d6e01fb8) thrown at [D:\re\workspace\8-2-build-windows-amd64-cygwin\jdk8\2238\hotspot\src\share\vm\prims\jvm.cpp, line 1248]
Event: 4.481 Thread 0x00000000005ae800 Exception <a 'java/security/PrivilegedActionException'> (0x00000000d6e22fb8) thrown at [D:\re\workspace\8-2-build-windows-amd64-cygwin\jdk8\2238\hotspot\src\share\vm\prims\jvm.cpp, line 1248]
Event: 4.482 Thread 0x00000000005ae800 Exception <a 'java/security/PrivilegedActionException'> (0x00000000d6e2b348) thrown at [D:\re\workspace\8-2-build-windows-amd64-cygwin\jdk8\2238\hotspot\src\share\vm\prims\jvm.cpp, line 1248]

Events (10 events):
Event: 4.487 Thread 0x00000000005ae800 DEOPT UNPACKING pc=0x0000000002b155af sp=0x00000000027fd910 mode 2
Event: 4.487 Thread 0x00000000005ae800 Uncommon trap: trap_request=0xffffffde fr.pc=0x00000000036244e4
Event: 4.487 Thread 0x00000000005ae800 DEOPT PACKING pc=0x00000000036244e4 sp=0x00000000027fd9a0
Event: 4.487 Thread 0x00000000005ae800 DEOPT UNPACKING pc=0x0000000002b155af sp=0x00000000027fd910 mode 2
Event: 4.487 Thread 0x00000000005ae800 Uncommon trap: trap_request=0xffffffde fr.pc=0x00000000036244e4
Event: 4.487 Thread 0x00000000005ae800 DEOPT PACKING pc=0x00000000036244e4 sp=0x00000000027fd9a0
Event: 4.487 Thread 0x00000000005ae800 DEOPT UNPACKING pc=0x0000000002b155af sp=0x00000000027fd910 mode 2
Event: 4.488 Thread 0x00000000005ae800 Uncommon trap: trap_request=0xffffffde fr.pc=0x00000000036244e4
Event: 4.488 Thread 0x00000000005ae800 DEOPT PACKING pc=0x00000000036244e4 sp=0x00000000027fd9a0
Event: 4.488 Thread 0x00000000005ae800 DEOPT UNPACKING pc=0x0000000002b155af sp=0x00000000027fd910 mode 2


Dynamic libraries:
0x000000013f2c0000 - 0x000000013f2f4000 	C:\Apps\jdk1.8.0\bin\java.exe
0x0000000077530000 - 0x00000000776d9000 	C:\windows\SYSTEM32\ntdll.dll
0x0000000076fb0000 - 0x00000000770cf000 	C:\windows\system32\kernel32.dll
0x000007fefdbf0000 - 0x000007fefdc5c000 	C:\windows\system32\KERNELBASE.dll
0x0000000074d50000 - 0x0000000074dd7000 	C:\windows\System32\SYSFER.DLL
0x000007feff150000 - 0x000007feff22b000 	C:\windows\system32\ADVAPI32.dll
0x000007fefecc0000 - 0x000007fefed5f000 	C:\windows\system32\msvcrt.dll
0x000007feff130000 - 0x000007feff14f000 	C:\windows\SYSTEM32\sechost.dll
0x000007feff640000 - 0x000007feff76d000 	C:\windows\system32\RPCRT4.dll
0x00000000770d0000 - 0x00000000771ca000 	C:\windows\system32\USER32.dll
0x000007fefede0000 - 0x000007fefee47000 	C:\windows\system32\GDI32.dll
0x000007fefdd60000 - 0x000007fefdd6e000 	C:\windows\system32\LPK.dll
0x000007fefee50000 - 0x000007fefef19000 	C:\windows\system32\USP10.dll
0x000007fefbf20000 - 0x000007fefc114000 	C:\windows\WinSxS\amd64_microsoft.windows.common-controls_6595b64144ccf1df_6.0.7601.17514_none_fa396087175ac9ac\COMCTL32.dll
0x000007feff4b0000 - 0x000007feff521000 	C:\windows\system32\SHLWAPI.dll
0x000007feff530000 - 0x000007feff55e000 	C:\windows\system32\IMM32.DLL
0x000007fefdd80000 - 0x000007fefde89000 	C:\windows\system32\MSCTF.dll
0x0000000065170000 - 0x0000000065242000 	C:\Apps\jdk1.8.0\jre\bin\msvcr100.dll
0x0000000070330000 - 0x0000000070b5a000 	C:\Apps\jdk1.8.0\jre\bin\server\jvm.dll
0x000007fef9060000 - 0x000007fef9069000 	C:\windows\system32\WSOCK32.dll
0x000007feff7d0000 - 0x000007feff81d000 	C:\windows\system32\WS2_32.dll
0x000007fefdd70000 - 0x000007fefdd78000 	C:\windows\system32\NSI.dll
0x000007fef9ec0000 - 0x000007fef9efb000 	C:\windows\system32\WINMM.dll
0x00000000776f0000 - 0x00000000776f7000 	C:\windows\system32\PSAPI.DLL
0x0000000000450000 - 0x000000000045f000 	C:\Apps\jdk1.8.0\jre\bin\verify.dll
0x000000006aba0000 - 0x000000006abc8000 	C:\Apps\jdk1.8.0\jre\bin\java.dll
0x000000006a940000 - 0x000000006a956000 	C:\Apps\jdk1.8.0\jre\bin\zip.dll
0x000007fefde90000 - 0x000007fefec18000 	C:\windows\system32\SHELL32.dll
0x000007fefef20000 - 0x000007feff123000 	C:\windows\system32\ole32.dll
0x000007fefd990000 - 0x000007fefd99f000 	C:\windows\system32\profapi.dll
0x0000000061a50000 - 0x0000000061a6a000 	C:\Apps\jdk1.8.0\jre\bin\net.dll
0x000007fefd1e0000 - 0x000007fefd235000 	C:\windows\system32\mswsock.dll
0x000007fefd1d0000 - 0x000007fefd1d7000 	C:\windows\System32\wship6.dll
0x000000005e720000 - 0x000000005e731000 	C:\Apps\jdk1.8.0\jre\bin\nio.dll

VM Arguments:
jvm_args: -Dclassworlds.conf=C:\Apps\apache-maven-3.1.1\bin\..\bin\m2.conf -Dmaven.home=C:\Apps\apache-maven-3.1.1\bin\.. 
java_command: org.codehaus.plexus.classworlds.launcher.Launcher clean install
java_class_path (initial): C:\Apps\apache-maven-3.1.1\bin\..\boot\plexus-classworlds-2.5.1.jar
Launcher Type: SUN_STANDARD

Environment Variables:
JAVA_HOME=C:\Apps\jdk1.8.0
PATH=C:\Apps\Subversion_Client;C:\Apps\Ruby193\bin;C:\Program Files (x86)\Intel\iCLS Client\;C:\Program Files\Intel\iCLS Client\;C:\windows\system32;C:\windows;C:\windows\System32\Wbem;C:\windows\System32\WindowsPowerShell\v1.0\;C:\Program Files\Intel\Intel(R) Management Engine Components\DAL;C:\Program Files\Intel\Intel(R) Management Engine Components\IPT;C:\Program Files (x86)\Intel\Intel(R) Management Engine Components\DAL;C:\Program Files (x86)\Intel\Intel(R) Management Engine Components\IPT;C:\Program Files\Intel\WiFi\bin\;C:\Program Files\Common Files\Intel\WirelessCommon\;C:\Apps\jdk1.8.0\bin;C:\Apps\apache-maven-3.1.1\bin;C:\Apps\apache-ant-1.9.2\bin;D:\Apps\mongodb\bin;C:\Apps\Vagrant\bin;C:\Apps\OpenSSH\bin;C:\Apps\Git\cmd;C:\Apps\Git\bin;C:\Apps\RubyDevKit\bin;C:\Apps\nodejs\;C:\Apps\gradle-1.12\bin;C:\Apps\vertx\bin;D:\Apps\mongodb\bin;C:\Apps\wamp\bin\php\php5.4.12;C:\Apps\groovy-2.3.2\bin;C:\Apps\gradle-1.12\bin;C:\Apps\Python27;C:\Apps\Ruby200-x64\bin;D:\utilisateurs\luchabou\AppData\Roaming\npm
USERNAME=luchabou
OS=Windows_NT
PROCESSOR_IDENTIFIER=Intel64 Family 6 Model 58 Stepping 9, GenuineIntel



---------------  S Y S T E M  ---------------

OS: Windows 7 , 64 bit Build 7601 Service Pack 1

CPU:total 4 (2 cores per cpu, 2 threads per core) family 6 model 58 stepping 9, cmov, cx8, fxsr, mmx, sse, sse2, sse3, ssse3, sse4.1, sse4.2, popcnt, avx, aes, clmul, erms, ht, tsc, tscinvbit

Memory: 4k page, physical 8079004k(1047676k free), swap 8077140k(4268k free)

vm_info: Java HotSpot(TM) 64-Bit Server VM (25.0-b70) for windows-amd64 JRE (1.8.0-b132), built on Mar  4 2014 03:46:18 by "java_re" with MS VC++ 10.0 (VS2010)

time: Tue Aug 05 16:43:35 2014
elapsed time: 4 seconds

